<?xml version="1.0" encoding="UTF-8"?>
<testsuite name="com.kuit.chatdiary.ChatdiaryApplicationTests" tests="1" skipped="0" failures="0" errors="0" timestamp="2024-01-01T16:03:56" hostname="lees-MacBook-Pro.local" time="0.472">
  <properties/>
  <testcase name="contextLoads()" classname="com.kuit.chatdiary.ChatdiaryApplicationTests" time="0.472"/>
  <system-out><![CDATA[01:03:55.732 [Test worker] INFO org.springframework.test.context.support.AnnotationConfigContextLoaderUtils -- Could not detect default configuration classes for test class [com.kuit.chatdiary.ChatdiaryApplicationTests]: ChatdiaryApplicationTests does not declare any static, non-private, non-final, nested classes annotated with @Configuration.
01:03:55.786 [Test worker] INFO org.springframework.boot.test.context.SpringBootTestContextBootstrapper -- Found @SpringBootConfiguration com.kuit.chatdiary.ChatdiaryApplication for test class com.kuit.chatdiary.ChatdiaryApplicationTests

  .   ____          _            __ _ _
 /\\ / ___'_ __ _ _(_)_ __  __ _ \ \ \ \
( ( )\___ | '_ | '_| | '_ \/ _` | \ \ \ \
 \\/  ___)| |_)| | | | | || (_| |  ) ) ) )
  '  |____| .__|_| |_|_| |_\__, | / / / /
 =========|_|==============|___/=/_/_/_/
 :: Spring Boot ::                (v3.2.1)

2024-01-02T01:03:56.006+09:00  INFO 96587 --- [    Test worker] c.k.chatdiary.ChatdiaryApplicationTests  : Starting ChatdiaryApplicationTests using Java 17.0.8 with PID 96587 (started by leehyunhee in /Users/leehyunhee/IdeaProjects/BE2)
2024-01-02T01:03:56.007+09:00  INFO 96587 --- [    Test worker] c.k.chatdiary.ChatdiaryApplicationTests  : The following 1 profile is active: "local"
2024-01-02T01:03:56.600+09:00  INFO 96587 --- [    Test worker] c.k.chatdiary.ChatdiaryApplicationTests  : Started ChatdiaryApplicationTests in 0.743 seconds (process running for 1.318)
]]></system-out>
  <system-err><![CDATA[]]></system-err>
</testsuite>
